<?xml version="1.0" encoding="UTF-8"?>
<!-- Generated by org.testng.reporters.JUnitReportReporter -->
<testsuite hostname="LAPTOP-RJQ18K68" failures="0" tests="1" name="Maven_Project.Maven_Project.WindowHandles" time="16.198" errors="0" timestamp="2024-12-28T20:20:10 IST" skipped="0">
  <testcase classname="Maven_Project.Maven_Project.WindowHandles" name="learnWindowHandles" time="16.198"/>
  <system-out/>
</testsuite> <!-- Maven_Project.Maven_Project.WindowHandles -->
