<?xml version="1.0" encoding="UTF-8"?>
<!-- Generated by org.testng.reporters.JUnitReportReporter -->
<testsuite hostname="LAPTOP-RJQ18K68" failures="0" tests="1" name="Maven_Project.Maven_Project.BasicAutomation" time="9.854" errors="0" timestamp="2024-12-28T17:22:54 IST" skipped="0">
  <testcase classname="Maven_Project.Maven_Project.BasicAutomation" name="ChromeTest" time="9.854"/>
  <system-out/>
</testsuite> <!-- Maven_Project.Maven_Project.BasicAutomation -->
